# JRE version: Java(TM) SE Runtime Environment (8.0_74-b02) (build 1.8.0_74-b02)
# Java VM: Java HotSpot(TM) 64-Bit Server VM (25.74-b02 mixed mode linux-amd64 compressed oops)
Heap:
 PSYoungGen      total 66048K, used 28450K [0x00000000eb700000, 0x00000000efa00000, 0x0000000100000000)
  eden space 63488K, 44% used [0x00000000eb700000,0x00000000ed2c88f0,0x00000000ef500000)
  from space 2560K, 0% used [0x00000000ef780000,0x00000000ef780000,0x00000000efa00000)
  to   space 2560K, 0% used [0x00000000ef500000,0x00000000ef500000,0x00000000ef780000)
 ParOldGen       total 36864K, used 8690K [0x00000000c2400000, 0x00000000c4800000, 0x00000000eb700000)
  object space 36864K, 23% used [0x00000000c2400000,0x00000000c2c7c938,0x00000000c4800000)
 Metaspace       used 23050K, capacity 25090K, committed 25344K, reserved 1071104K
  class space    used 3486K, capacity 3838K, committed 3840K, reserved 1048576K
GC Heap History (10 events):
Event: 0,658 GC heap before
{Heap before GC invocations=1 (full 0):
 PSYoungGen      total 18432K, used 15872K [0x00000000eb700000, 0x00000000ecb80000, 0x0000000100000000)
  eden space 15872K, 100% used [0x00000000eb700000,0x00000000ec680000,0x00000000ec680000)
  from space 2560K, 0% used [0x00000000ec900000,0x00000000ec900000,0x00000000ecb80000)
  to   space 2560K, 0% used [0x00000000ec680000,0x00000000ec680000,0x00000000ec900000)
 ParOldGen       total 42496K, used 0K [0x00000000c2400000, 0x00000000c4d80000, 0x00000000eb700000)
  object space 42496K, 0% used [0x00000000c2400000,0x00000000c2400000,0x00000000c4d80000)
 Metaspace       used 10240K, capacity 10664K, committed 11008K, reserved 1058816K
  class space    used 1318K, capacity 1431K, committed 1536K, reserved 1048576K
Event: 0,673 GC heap after
Heap after GC invocations=1 (full 0):
 PSYoungGen      total 18432K, used 2528K [0x00000000eb700000, 0x00000000edb00000, 0x0000000100000000)
  eden space 15872K, 0% used [0x00000000eb700000,0x00000000eb700000,0x00000000ec680000)
  from space 2560K, 98% used [0x00000000ec680000,0x00000000ec8f8040,0x00000000ec900000)
  to   space 2560K, 0% used [0x00000000ed880000,0x00000000ed880000,0x00000000edb00000)
 ParOldGen       total 42496K, used 576K [0x00000000c2400000, 0x00000000c4d80000, 0x00000000eb700000)
  object space 42496K, 1% used [0x00000000c2400000,0x00000000c2490010,0x00000000c4d80000)
 Metaspace       used 10240K, capacity 10664K, committed 11008K, reserved 1058816K
  class space    used 1318K, capacity 1431K, committed 1536K, reserved 1048576K
}
Event: 1,253 GC heap before
{Heap before GC invocations=2 (full 0):
 PSYoungGen      total 18432K, used 18400K [0x00000000eb700000, 0x00000000edb00000, 0x0000000100000000)
  eden space 15872K, 100% used [0x00000000eb700000,0x00000000ec680000,0x00000000ec680000)
  from space 2560K, 98% used [0x00000000ec680000,0x00000000ec8f8040,0x00000000ec900000)
  to   space 2560K, 0% used [0x00000000ed880000,0x00000000ed880000,0x00000000edb00000)
 ParOldGen       total 42496K, used 576K [0x00000000c2400000, 0x00000000c4d80000, 0x00000000eb700000)
  object space 42496K, 1% used [0x00000000c2400000,0x00000000c2490010,0x00000000c4d80000)
 Metaspace       used 13232K, capacity 13816K, committed 14080K, reserved 1060864K
  class space    used 1801K, capacity 1933K, committed 2048K, reserved 1048576K
Event: 1,267 GC heap after
Heap after GC invocations=2 (full 0):
 PSYoungGen      total 34304K, used 2528K [0x00000000eb700000, 0x00000000edb00000, 0x0000000100000000)
  eden space 31744K, 0% used [0x00000000eb700000,0x00000000eb700000,0x00000000ed600000)
  from space 2560K, 98% used [0x00000000ed880000,0x00000000edaf8030,0x00000000edb00000)
  to   space 2560K, 0% used [0x00000000ed600000,0x00000000ed600000,0x00000000ed880000)
 ParOldGen       total 42496K, used 2167K [0x00000000c2400000, 0x00000000c4d80000, 0x00000000eb700000)
  object space 42496K, 5% used [0x00000000c2400000,0x00000000c261df40,0x00000000c4d80000)
 Metaspace       used 13232K, capacity 13816K, committed 14080K, reserved 1060864K
  class space    used 1801K, capacity 1933K, committed 2048K, reserved 1048576K
}
Event: 1,717 GC heap before
{Heap before GC invocations=3 (full 0):
 PSYoungGen      total 34304K, used 34272K [0x00000000eb700000, 0x00000000edb00000, 0x0000000100000000)
  eden space 31744K, 100% used [0x00000000eb700000,0x00000000ed600000,0x00000000ed600000)
  from space 2560K, 98% used [0x00000000ed880000,0x00000000edaf8030,0x00000000edb00000)
  to   space 2560K, 0% used [0x00000000ed600000,0x00000000ed600000,0x00000000ed880000)
 ParOldGen       total 42496K, used 2167K [0x00000000c2400000, 0x00000000c4d80000, 0x00000000eb700000)
  object space 42496K, 5% used [0x00000000c2400000,0x00000000c261df40,0x00000000c4d80000)
 Metaspace       used 16512K, capacity 17330K, committed 17536K, reserved 1064960K
  class space    used 2409K, capacity 2604K, committed 2688K, reserved 1048576K
Event: 1,728 GC heap after
Heap after GC invocations=3 (full 0):
 PSYoungGen      total 34304K, used 2535K [0x00000000eb700000, 0x00000000efa00000, 0x0000000100000000)
  eden space 31744K, 0% used [0x00000000eb700000,0x00000000eb700000,0x00000000ed600000)
  from space 2560K, 99% used [0x00000000ed600000,0x00000000ed879c50,0x00000000ed880000)
  to   space 2560K, 0% used [0x00000000ef780000,0x00000000ef780000,0x00000000efa00000)
 ParOldGen       total 42496K, used 3987K [0x00000000c2400000, 0x00000000c4d80000, 0x00000000eb700000)
  object space 42496K, 9% used [0x00000000c2400000,0x00000000c27e4ff0,0x00000000c4d80000)
 Metaspace       used 16512K, capacity 17330K, committed 17536K, reserved 1064960K
  class space    used 2409K, capacity 2604K, committed 2688K, reserved 1048576K
}
Event: 2,200 GC heap before
{Heap before GC invocations=4 (full 0):
 PSYoungGen      total 34304K, used 19918K [0x00000000eb700000, 0x00000000efa00000, 0x0000000100000000)
  eden space 31744K, 54% used [0x00000000eb700000,0x00000000ec7f9c28,0x00000000ed600000)
  from space 2560K, 99% used [0x00000000ed600000,0x00000000ed879c50,0x00000000ed880000)
  to   space 2560K, 0% used [0x00000000ef780000,0x00000000ef780000,0x00000000efa00000)
 ParOldGen       total 42496K, used 3987K [0x00000000c2400000, 0x00000000c4d80000, 0x00000000eb700000)
  object space 42496K, 9% used [0x00000000c2400000,0x00000000c27e4ff0,0x00000000c4d80000)
 Metaspace       used 20080K, capacity 21230K, committed 21296K, reserved 1067008K
  class space    used 3051K, capacity 3294K, committed 3328K, reserved 1048576K
Event: 2,218 GC heap after
Heap after GC invocations=4 (full 0):
 PSYoungGen      total 66048K, used 2535K [0x00000000eb700000, 0x00000000efa00000, 0x0000000100000000)
  eden space 63488K, 0% used [0x00000000eb700000,0x00000000eb700000,0x00000000ef500000)
  from space 2560K, 99% used [0x00000000ef780000,0x00000000ef9f9c50,0x00000000efa00000)
  to   space 2560K, 0% used [0x00000000ef500000,0x00000000ef500000,0x00000000ef780000)
 ParOldGen       total 42496K, used 6920K [0x00000000c2400000, 0x00000000c4d80000, 0x00000000eb700000)
  object space 42496K, 16% used [0x00000000c2400000,0x00000000c2ac2260,0x00000000c4d80000)
 Metaspace       used 20080K, capacity 21230K, committed 21296K, reserved 1067008K
  class space    used 3051K, capacity 3294K, committed 3328K, reserved 1048576K
}
Event: 2,218 GC heap before
{Heap before GC invocations=5 (full 1):
 PSYoungGen      total 66048K, used 2535K [0x00000000eb700000, 0x00000000efa00000, 0x0000000100000000)
  eden space 63488K, 0% used [0x00000000eb700000,0x00000000eb700000,0x00000000ef500000)
  from space 2560K, 99% used [0x00000000ef780000,0x00000000ef9f9c50,0x00000000efa00000)
  to   space 2560K, 0% used [0x00000000ef500000,0x00000000ef500000,0x00000000ef780000)
 ParOldGen       total 42496K, used 6920K [0x00000000c2400000, 0x00000000c4d80000, 0x00000000eb700000)
  object space 42496K, 16% used [0x00000000c2400000,0x00000000c2ac2260,0x00000000c4d80000)
 Metaspace       used 20080K, capacity 21230K, committed 21296K, reserved 1067008K
  class space    used 3051K, capacity 3294K, committed 3328K, reserved 1048576K
Event: 2,284 GC heap after
Heap after GC invocations=5 (full 1):
 PSYoungGen      total 66048K, used 0K [0x00000000eb700000, 0x00000000efa00000, 0x0000000100000000)
  eden space 63488K, 0% used [0x00000000eb700000,0x00000000eb700000,0x00000000ef500000)
  from space 2560K, 0% used [0x00000000ef780000,0x00000000ef780000,0x00000000efa00000)
  to   space 2560K, 0% used [0x00000000ef500000,0x00000000ef500000,0x00000000ef780000)
 ParOldGen       total 36864K, used 8690K [0x00000000c2400000, 0x00000000c4800000, 0x00000000eb700000)
  object space 36864K, 23% used [0x00000000c2400000,0x00000000c2c7c938,0x00000000c4800000)
 Metaspace       used 20080K, capacity 21230K, committed 21296K, reserved 1067008K
  class space    used 3051K, capacity 3294K, committed 3328K, reserved 1048576K
}

