# JRE version: Java(TM) SE Runtime Environment (8.0_74-b02) (build 1.8.0_74-b02)
# Java VM: Java HotSpot(TM) 64-Bit Server VM (25.74-b02 mixed mode linux-amd64 compressed oops)
Heap:
 PSYoungGen      total 66048K, used 35377K [0x00000000eb700000, 0x00000000efa00000, 0x0000000100000000)
  eden space 63488K, 55% used [0x00000000eb700000,0x00000000ed98c430,0x00000000ef500000)
  from space 2560K, 0% used [0x00000000ef780000,0x00000000ef780000,0x00000000efa00000)
  to   space 2560K, 0% used [0x00000000ef500000,0x00000000ef500000,0x00000000ef780000)
 ParOldGen       total 37888K, used 8947K [0x00000000c2400000, 0x00000000c4900000, 0x00000000eb700000)
  object space 37888K, 23% used [0x00000000c2400000,0x00000000c2cbcf60,0x00000000c4900000)
 Metaspace       used 24138K, capacity 26146K, committed 26240K, reserved 1071104K
  class space    used 3596K, capacity 3956K, committed 3968K, reserved 1048576K
GC Heap History (10 events):
Event: 0,613 GC heap before
{Heap before GC invocations=1 (full 0):
 PSYoungGen      total 18432K, used 15872K [0x00000000eb700000, 0x00000000ecb80000, 0x0000000100000000)
  eden space 15872K, 100% used [0x00000000eb700000,0x00000000ec680000,0x00000000ec680000)
  from space 2560K, 0% used [0x00000000ec900000,0x00000000ec900000,0x00000000ecb80000)
  to   space 2560K, 0% used [0x00000000ec680000,0x00000000ec680000,0x00000000ec900000)
 ParOldGen       total 42496K, used 0K [0x00000000c2400000, 0x00000000c4d80000, 0x00000000eb700000)
  object space 42496K, 0% used [0x00000000c2400000,0x00000000c2400000,0x00000000c4d80000)
 Metaspace       used 10241K, capacity 10600K, committed 10752K, reserved 1058816K
  class space    used 1317K, capacity 1431K, committed 1536K, reserved 1048576K
Event: 0,620 GC heap after
Heap after GC invocations=1 (full 0):
 PSYoungGen      total 18432K, used 2528K [0x00000000eb700000, 0x00000000edb00000, 0x0000000100000000)
  eden space 15872K, 0% used [0x00000000eb700000,0x00000000eb700000,0x00000000ec680000)
  from space 2560K, 98% used [0x00000000ec680000,0x00000000ec8f8050,0x00000000ec900000)
  to   space 2560K, 0% used [0x00000000ed880000,0x00000000ed880000,0x00000000edb00000)
 ParOldGen       total 42496K, used 549K [0x00000000c2400000, 0x00000000c4d80000, 0x00000000eb700000)
  object space 42496K, 1% used [0x00000000c2400000,0x00000000c2489408,0x00000000c4d80000)
 Metaspace       used 10241K, capacity 10600K, committed 10752K, reserved 1058816K
  class space    used 1317K, capacity 1431K, committed 1536K, reserved 1048576K
}
Event: 1,142 GC heap before
{Heap before GC invocations=2 (full 0):
 PSYoungGen      total 18432K, used 18400K [0x00000000eb700000, 0x00000000edb00000, 0x0000000100000000)
  eden space 15872K, 100% used [0x00000000eb700000,0x00000000ec680000,0x00000000ec680000)
  from space 2560K, 98% used [0x00000000ec680000,0x00000000ec8f8050,0x00000000ec900000)
  to   space 2560K, 0% used [0x00000000ed880000,0x00000000ed880000,0x00000000edb00000)
 ParOldGen       total 42496K, used 549K [0x00000000c2400000, 0x00000000c4d80000, 0x00000000eb700000)
  object space 42496K, 1% used [0x00000000c2400000,0x00000000c2489408,0x00000000c4d80000)
 Metaspace       used 13381K, capacity 13922K, committed 14080K, reserved 1060864K
  class space    used 1829K, capacity 1968K, committed 2048K, reserved 1048576K
Event: 1,153 GC heap after
Heap after GC invocations=2 (full 0):
 PSYoungGen      total 34304K, used 2544K [0x00000000eb700000, 0x00000000edb00000, 0x0000000100000000)
  eden space 31744K, 0% used [0x00000000eb700000,0x00000000eb700000,0x00000000ed600000)
  from space 2560K, 99% used [0x00000000ed880000,0x00000000edafc030,0x00000000edb00000)
  to   space 2560K, 0% used [0x00000000ed600000,0x00000000ed600000,0x00000000ed880000)
 ParOldGen       total 42496K, used 2132K [0x00000000c2400000, 0x00000000c4d80000, 0x00000000eb700000)
  object space 42496K, 5% used [0x00000000c2400000,0x00000000c2615358,0x00000000c4d80000)
 Metaspace       used 13381K, capacity 13922K, committed 14080K, reserved 1060864K
  class space    used 1829K, capacity 1968K, committed 2048K, reserved 1048576K
}
Event: 1,586 GC heap before
{Heap before GC invocations=3 (full 0):
 PSYoungGen      total 34304K, used 34288K [0x00000000eb700000, 0x00000000edb00000, 0x0000000100000000)
  eden space 31744K, 100% used [0x00000000eb700000,0x00000000ed600000,0x00000000ed600000)
  from space 2560K, 99% used [0x00000000ed880000,0x00000000edafc030,0x00000000edb00000)
  to   space 2560K, 0% used [0x00000000ed600000,0x00000000ed600000,0x00000000ed880000)
 ParOldGen       total 42496K, used 2132K [0x00000000c2400000, 0x00000000c4d80000, 0x00000000eb700000)
  object space 42496K, 5% used [0x00000000c2400000,0x00000000c2615358,0x00000000c4d80000)
 Metaspace       used 16505K, capacity 17350K, committed 17536K, reserved 1064960K
  class space    used 2412K, capacity 2634K, committed 2688K, reserved 1048576K
Event: 1,596 GC heap after
Heap after GC invocations=3 (full 0):
 PSYoungGen      total 34304K, used 2535K [0x00000000eb700000, 0x00000000efa00000, 0x0000000100000000)
  eden space 31744K, 0% used [0x00000000eb700000,0x00000000eb700000,0x00000000ed600000)
  from space 2560K, 99% used [0x00000000ed600000,0x00000000ed879c60,0x00000000ed880000)
  to   space 2560K, 0% used [0x00000000ef780000,0x00000000ef780000,0x00000000efa00000)
 ParOldGen       total 42496K, used 4016K [0x00000000c2400000, 0x00000000c4d80000, 0x00000000eb700000)
  object space 42496K, 9% used [0x00000000c2400000,0x00000000c27ec3b8,0x00000000c4d80000)
 Metaspace       used 16505K, capacity 17350K, committed 17536K, reserved 1064960K
  class space    used 2412K, capacity 2634K, committed 2688K, reserved 1048576K
}
Event: 2,033 GC heap before
{Heap before GC invocations=4 (full 0):
 PSYoungGen      total 34304K, used 19993K [0x00000000eb700000, 0x00000000efa00000, 0x0000000100000000)
  eden space 31744K, 54% used [0x00000000eb700000,0x00000000ec80c7e8,0x00000000ed600000)
  from space 2560K, 99% used [0x00000000ed600000,0x00000000ed879c60,0x00000000ed880000)
  to   space 2560K, 0% used [0x00000000ef780000,0x00000000ef780000,0x00000000efa00000)
 ParOldGen       total 42496K, used 4016K [0x00000000c2400000, 0x00000000c4d80000, 0x00000000eb700000)
  object space 42496K, 9% used [0x00000000c2400000,0x00000000c27ec3b8,0x00000000c4d80000)
 Metaspace       used 20067K, capacity 21238K, committed 21296K, reserved 1067008K
  class space    used 3039K, capacity 3294K, committed 3328K, reserved 1048576K
Event: 2,048 GC heap after
Heap after GC invocations=4 (full 0):
 PSYoungGen      total 66048K, used 2535K [0x00000000eb700000, 0x00000000efa00000, 0x0000000100000000)
  eden space 63488K, 0% used [0x00000000eb700000,0x00000000eb700000,0x00000000ef500000)
  from space 2560K, 99% used [0x00000000ef780000,0x00000000ef9f9c60,0x00000000efa00000)
  to   space 2560K, 0% used [0x00000000ef500000,0x00000000ef500000,0x00000000ef780000)
 ParOldGen       total 42496K, used 6801K [0x00000000c2400000, 0x00000000c4d80000, 0x00000000eb700000)
  object space 42496K, 16% used [0x00000000c2400000,0x00000000c2aa45f8,0x00000000c4d80000)
 Metaspace       used 20067K, capacity 21238K, committed 21296K, reserved 1067008K
  class space    used 3039K, capacity 3294K, committed 3328K, reserved 1048576K
}
Event: 2,048 GC heap before
{Heap before GC invocations=5 (full 1):
 PSYoungGen      total 66048K, used 2535K [0x00000000eb700000, 0x00000000efa00000, 0x0000000100000000)
  eden space 63488K, 0% used [0x00000000eb700000,0x00000000eb700000,0x00000000ef500000)
  from space 2560K, 99% used [0x00000000ef780000,0x00000000ef9f9c60,0x00000000efa00000)
  to   space 2560K, 0% used [0x00000000ef500000,0x00000000ef500000,0x00000000ef780000)
 ParOldGen       total 42496K, used 6801K [0x00000000c2400000, 0x00000000c4d80000, 0x00000000eb700000)
  object space 42496K, 16% used [0x00000000c2400000,0x00000000c2aa45f8,0x00000000c4d80000)
 Metaspace       used 20067K, capacity 21238K, committed 21296K, reserved 1067008K
  class space    used 3039K, capacity 3294K, committed 3328K, reserved 1048576K
Event: 2,115 GC heap after
Heap after GC invocations=5 (full 1):
 PSYoungGen      total 66048K, used 0K [0x00000000eb700000, 0x00000000efa00000, 0x0000000100000000)
  eden space 63488K, 0% used [0x00000000eb700000,0x00000000eb700000,0x00000000ef500000)
  from space 2560K, 0% used [0x00000000ef780000,0x00000000ef780000,0x00000000efa00000)
  to   space 2560K, 0% used [0x00000000ef500000,0x00000000ef500000,0x00000000ef780000)
 ParOldGen       total 37888K, used 8947K [0x00000000c2400000, 0x00000000c4900000, 0x00000000eb700000)
  object space 37888K, 23% used [0x00000000c2400000,0x00000000c2cbcf60,0x00000000c4900000)
 Metaspace       used 20067K, capacity 21238K, committed 21296K, reserved 1067008K
  class space    used 3039K, capacity 3294K, committed 3328K, reserved 1048576K
}

